ISim log file
Running: C:\Users\152\Documents\QuanjieJin\MatchingGame-old13\TestMatchingGame_isim_beh.exe -intstyle ise -gui -tclbatch isim.cmd -wdb C:/Users/152/Documents/QuanjieJin/MatchingGame-old13/TestMatchingGame_isim_beh.wdb 
ISim P.68d (signature 0x7708f090)
----------------------------------------------------------------------
WARNING:Security:42 - Your software subscription period has lapsed. Your current version of Xilinx tools will continue to function, but you no longer qualify for Xilinx software updates or new releases.


----------------------------------------------------------------------
This is a Full version of ISim.
Time resolution is 1 ps
# onerror resume
# wave add /
# run 1000 ns
Simulator is doing circuit initialization process.
Finished circuit initialization process.
ISim P.68d (signature 0x7708f090)
----------------------------------------------------------------------
WARNING:Security:42 - Your software subscription period has lapsed. Your current version of Xilinx tools will continue to function, but you no longer qualify for Xilinx software updates or new releases.


----------------------------------------------------------------------
This is a Full version of ISim.
# run 1000 ns
Simulator is doing circuit initialization process.
Finished circuit initialization process.
# run all
Stopped at time : 61091235 ns : File "C:/Users/152/Documents/QuanjieJin/MatchingGame-old13/TestMatchingGame.v" Line 55
ISim P.68d (signature 0x7708f090)
----------------------------------------------------------------------
WARNING:Security:42 - Your software subscription period has lapsed. Your current version of Xilinx tools will continue to function, but you no longer qualify for Xilinx software updates or new releases.


----------------------------------------------------------------------
This is a Full version of ISim.
# run 1000 ns
Simulator is doing circuit initialization process.
Finished circuit initialization process.
# restart
# run all
Simulator is doing circuit initialization process.
Finished circuit initialization process.
Stopped at time : 62452100 ns : File "C:/Users/152/Documents/QuanjieJin/MatchingGame-old13/TestMatchingGame.v" Line 91
ISim P.68d (signature 0x7708f090)
----------------------------------------------------------------------
WARNING:Security:42 - Your software subscription period has lapsed. Your current version of Xilinx tools will continue to function, but you no longer qualify for Xilinx software updates or new releases.


----------------------------------------------------------------------
This is a Full version of ISim.
# run 1000 ns
Simulator is doing circuit initialization process.
Finished circuit initialization process.
# run all
Stopped at time : 62452100 ns : File "C:/Users/152/Documents/QuanjieJin/MatchingGame-old13/TestMatchingGame.v" Line 91
